[debug] [2022-12-25T18:17:49.435Z] ----------------------------------------------------------------------
[debug] [2022-12-25T18:17:49.436Z] Command:       C:\Users\ahmad\DOWNLO~1\firebase-tools-instant-win.exe C:\Users\ahmad\.cache\firebase\tools\lib\node_modules\firebase-tools\lib\bin\firebase deploy
[debug] [2022-12-25T18:17:49.437Z] CLI Version:   11.16.1
[debug] [2022-12-25T18:17:49.437Z] Platform:      win32
[debug] [2022-12-25T18:17:49.437Z] Node Version:  v16.16.0
[debug] [2022-12-25T18:17:49.437Z] Time:          Sun Dec 25 2022 20:17:49 GMT+0200 (Eastern European Standard Time)
[debug] [2022-12-25T18:17:49.438Z] ----------------------------------------------------------------------
[debug] 
[debug] [2022-12-25T18:17:49.480Z] > command requires scopes: ["email","openid","https://www.googleapis.com/auth/cloudplatformprojects.readonly","https://www.googleapis.com/auth/firebase","https://www.googleapis.com/auth/cloud-platform"]
[debug] [2022-12-25T18:17:49.480Z] > authorizing via signed-in user (rexgamer646@gmail.com)
[debug] [2022-12-25T18:17:49.480Z] [iam] checking project speed-tests-ee475 for permissions ["firebase.projects.get","firebasehosting.sites.update"]
[debug] [2022-12-25T18:17:49.482Z] >>> [apiv2][query] POST https://cloudresourcemanager.googleapis.com/v1/projects/speed-tests-ee475:testIamPermissions [none]
[debug] [2022-12-25T18:17:49.482Z] >>> [apiv2][(partial)header] POST https://cloudresourcemanager.googleapis.com/v1/projects/speed-tests-ee475:testIamPermissions x-goog-quota-user=projects/speed-tests-ee475
[debug] [2022-12-25T18:17:49.482Z] >>> [apiv2][body] POST https://cloudresourcemanager.googleapis.com/v1/projects/speed-tests-ee475:testIamPermissions {"permissions":["firebase.projects.get","firebasehosting.sites.update"]}
[debug] [2022-12-25T18:17:50.389Z] <<< [apiv2][status] POST https://cloudresourcemanager.googleapis.com/v1/projects/speed-tests-ee475:testIamPermissions 200
[debug] [2022-12-25T18:17:50.389Z] <<< [apiv2][body] POST https://cloudresourcemanager.googleapis.com/v1/projects/speed-tests-ee475:testIamPermissions {"permissions":["firebase.projects.get","firebasehosting.sites.update"]}
[debug] [2022-12-25T18:17:50.391Z] >>> [apiv2][query] GET https://firebase.googleapis.com/v1beta1/projects/speed-tests-ee475 [none]
[debug] [2022-12-25T18:17:50.805Z] <<< [apiv2][status] GET https://firebase.googleapis.com/v1beta1/projects/speed-tests-ee475 200
[debug] [2022-12-25T18:17:50.805Z] <<< [apiv2][body] GET https://firebase.googleapis.com/v1beta1/projects/speed-tests-ee475 {"projectId":"speed-tests-ee475","projectNumber":"472872384923","displayName":"Speed Tests","name":"projects/speed-tests-ee475","resources":{"hostingSite":"speed-tests-ee475"},"state":"ACTIVE","etag":"1_c56f40cc-3c50-42df-b088-6ed4564957d1"}
[info] 
[info] === Deploying to 'speed-tests-ee475'...
[info] 
[info] i  deploying hosting 
[debug] [2022-12-25T18:17:50.812Z] >>> [apiv2][query] POST https://firebasehosting.googleapis.com/v1beta1/projects/-/sites/speed-tests-ee475/versions [none]
[debug] [2022-12-25T18:17:50.813Z] >>> [apiv2][body] POST https://firebasehosting.googleapis.com/v1beta1/projects/-/sites/speed-tests-ee475/versions {"status":"CREATED","labels":{"deployment-tool":"cli-firebase"}}
[debug] [2022-12-25T18:17:52.058Z] <<< [apiv2][status] POST https://firebasehosting.googleapis.com/v1beta1/projects/-/sites/speed-tests-ee475/versions 200
[debug] [2022-12-25T18:17:52.058Z] <<< [apiv2][body] POST https://firebasehosting.googleapis.com/v1beta1/projects/-/sites/speed-tests-ee475/versions {"name":"projects/472872384923/sites/speed-tests-ee475/versions/3ea62057d55b7d32","status":"CREATED","config":{},"labels":{"deployment-tool":"cli-firebase"}}
[info] i  hosting[speed-tests-ee475]: beginning deploy... 
[info] i  hosting[speed-tests-ee475]: found 12 files in build 
[debug] [2022-12-25T18:17:52.066Z] [hosting] uploading with 200 concurrency
[debug] [2022-12-25T18:17:52.767Z] [hosting] hash cache [YnVpbGQ] stored for 12 files
[debug] [2022-12-25T18:17:52.767Z] [hosting][hash queue][FINAL] {"max":695,"min":1,"avg":61.25,"active":0,"complete":12,"success":12,"errored":0,"retried":0,"total":12,"elapsed":699}
[debug] [2022-12-25T18:17:52.767Z] >>> [apiv2][query] POST https://firebasehosting.googleapis.com/v1beta1/projects/472872384923/sites/speed-tests-ee475/versions/3ea62057d55b7d32:populateFiles [none]
[debug] [2022-12-25T18:17:52.767Z] >>> [apiv2][body] POST https://firebasehosting.googleapis.com/v1beta1/projects/472872384923/sites/speed-tests-ee475/versions/3ea62057d55b7d32:populateFiles {"files":{"/favicon.ico":"eae62e993eb980ec8a25058c39d5a51feab118bd2100c4deebb2a9c158ec11f9","/logo192.png":"3ee59515172ee198f3be375979df15ac5345183e656720a381b8872b2a39dc8b","/logo512.png":"ee7e2f3fdb8209c4b6fd7bef6ba50d1b9dba30a25bb5c3126df057e1cb6f5331","/manifest.json":"aff3449bdc238776f5d6d967f19ec491b36aed5fb7f23ccff6500736fd58494a","/robots.txt":"bfe106a3fb878dc83461c86818bf74fc1bdc7f28538ba613cd3e775516ce8b49","/asset-manifest.json":"015c82e9098d4c89686632ae7fe827cbc6735941ac67427c61b823ff1fd065f2","/index.html":"85928ccac193744c257acc86ddd761e098dd50389064166de615f753f0f303b6","/static/css/main.b6a7f753.css":"53d96dd13a6f57fa9b0c2d37f830c148ccc947f332ecb12cfdf3734a3f06dbf0","/static/js/main.d5f881cf.js.LICENSE.txt":"a310080c842e305f74fdabc281c9b48b5f8a09c11f6e41f4a9976aa6dd64bdc2","/static/css/main.b6a7f753.css.map":"1bae909fd911ef23eb237b13cd6bf47e058d4bf5e4a1b5e50ce8870c04fadebf","/static/js/main.d5f881cf.js":"ce424e648ef14c393f3fafd06399aa5667c7bf7123f8e5138b26863ded330709","/static/js/main.d5f881cf.js.map":"70d35eaa3668d3f804d85fa66b900a44b78cbc3a1b828c4eb313abceb891ae29"}}
[debug] [2022-12-25T18:17:53.853Z] <<< [apiv2][status] POST https://firebasehosting.googleapis.com/v1beta1/projects/472872384923/sites/speed-tests-ee475/versions/3ea62057d55b7d32:populateFiles 200
[debug] [2022-12-25T18:17:53.854Z] <<< [apiv2][body] POST https://firebasehosting.googleapis.com/v1beta1/projects/472872384923/sites/speed-tests-ee475/versions/3ea62057d55b7d32:populateFiles {"uploadRequiredHashes":["015c82e9098d4c89686632ae7fe827cbc6735941ac67427c61b823ff1fd065f2","85928ccac193744c257acc86ddd761e098dd50389064166de615f753f0f303b6","ce424e648ef14c393f3fafd06399aa5667c7bf7123f8e5138b26863ded330709","70d35eaa3668d3f804d85fa66b900a44b78cbc3a1b828c4eb313abceb891ae29"],"uploadUrl":"https://upload-firebasehosting.googleapis.com/upload/sites/speed-tests-ee475/versions/3ea62057d55b7d32/files"}
[debug] [2022-12-25T18:17:53.855Z] >>> [apiv2][query] POST https://upload-firebasehosting.googleapis.com/upload/sites/speed-tests-ee475/versions/3ea62057d55b7d32/files/015c82e9098d4c89686632ae7fe827cbc6735941ac67427c61b823ff1fd065f2 [none]
[debug] [2022-12-25T18:17:53.855Z] >>> [apiv2][body] POST https://upload-firebasehosting.googleapis.com/upload/sites/speed-tests-ee475/versions/3ea62057d55b7d32/files/015c82e9098d4c89686632ae7fe827cbc6735941ac67427c61b823ff1fd065f2 [stream]
[debug] [2022-12-25T18:17:53.857Z] >>> [apiv2][query] POST https://upload-firebasehosting.googleapis.com/upload/sites/speed-tests-ee475/versions/3ea62057d55b7d32/files/85928ccac193744c257acc86ddd761e098dd50389064166de615f753f0f303b6 [none]
[debug] [2022-12-25T18:17:53.857Z] >>> [apiv2][body] POST https://upload-firebasehosting.googleapis.com/upload/sites/speed-tests-ee475/versions/3ea62057d55b7d32/files/85928ccac193744c257acc86ddd761e098dd50389064166de615f753f0f303b6 [stream]
[debug] [2022-12-25T18:17:53.858Z] >>> [apiv2][query] POST https://upload-firebasehosting.googleapis.com/upload/sites/speed-tests-ee475/versions/3ea62057d55b7d32/files/ce424e648ef14c393f3fafd06399aa5667c7bf7123f8e5138b26863ded330709 [none]
[debug] [2022-12-25T18:17:53.858Z] >>> [apiv2][body] POST https://upload-firebasehosting.googleapis.com/upload/sites/speed-tests-ee475/versions/3ea62057d55b7d32/files/ce424e648ef14c393f3fafd06399aa5667c7bf7123f8e5138b26863ded330709 [stream]
[debug] [2022-12-25T18:17:53.859Z] >>> [apiv2][query] POST https://upload-firebasehosting.googleapis.com/upload/sites/speed-tests-ee475/versions/3ea62057d55b7d32/files/70d35eaa3668d3f804d85fa66b900a44b78cbc3a1b828c4eb313abceb891ae29 [none]
[debug] [2022-12-25T18:17:53.859Z] >>> [apiv2][body] POST https://upload-firebasehosting.googleapis.com/upload/sites/speed-tests-ee475/versions/3ea62057d55b7d32/files/70d35eaa3668d3f804d85fa66b900a44b78cbc3a1b828c4eb313abceb891ae29 [stream]
[debug] [2022-12-25T18:17:53.859Z] [hosting][populate queue][FINAL] {"max":1089,"min":1089,"avg":1089,"active":0,"complete":1,"success":1,"errored":0,"retried":0,"total":1,"elapsed":1093}
[debug] [2022-12-25T18:17:53.860Z] [hosting] uploads queued: 4
[debug] [2022-12-25T18:17:55.291Z] <<< [apiv2][status] POST https://upload-firebasehosting.googleapis.com/upload/sites/speed-tests-ee475/versions/3ea62057d55b7d32/files/015c82e9098d4c89686632ae7fe827cbc6735941ac67427c61b823ff1fd065f2 200
[debug] [2022-12-25T18:17:55.291Z] <<< [apiv2][body] POST https://upload-firebasehosting.googleapis.com/upload/sites/speed-tests-ee475/versions/3ea62057d55b7d32/files/015c82e9098d4c89686632ae7fe827cbc6735941ac67427c61b823ff1fd065f2 [stream]
[debug] [2022-12-25T18:17:55.688Z] <<< [apiv2][status] POST https://upload-firebasehosting.googleapis.com/upload/sites/speed-tests-ee475/versions/3ea62057d55b7d32/files/85928ccac193744c257acc86ddd761e098dd50389064166de615f753f0f303b6 200
[debug] [2022-12-25T18:17:55.689Z] <<< [apiv2][body] POST https://upload-firebasehosting.googleapis.com/upload/sites/speed-tests-ee475/versions/3ea62057d55b7d32/files/85928ccac193744c257acc86ddd761e098dd50389064166de615f753f0f303b6 [stream]
[debug] [2022-12-25T18:17:57.047Z] <<< [apiv2][status] POST https://upload-firebasehosting.googleapis.com/upload/sites/speed-tests-ee475/versions/3ea62057d55b7d32/files/ce424e648ef14c393f3fafd06399aa5667c7bf7123f8e5138b26863ded330709 200
[debug] [2022-12-25T18:17:57.048Z] <<< [apiv2][body] POST https://upload-firebasehosting.googleapis.com/upload/sites/speed-tests-ee475/versions/3ea62057d55b7d32/files/ce424e648ef14c393f3fafd06399aa5667c7bf7123f8e5138b26863ded330709 [stream]
